This is pdfTeX, Version 3.141592653-2.6-1.40.24 (TeX Live 2022/Debian) (preloaded format=pdflatex 2023.8.29)  6 OCT 2023 19:30
entering extended mode
 restricted \write18 enabled.
 %&-line parsing enabled.
**geometrynew.tex
(./geometrynew.tex
LaTeX2e <2022-11-01> patch level 1
L3 programming layer <2023-01-16>
(/usr/share/texlive/texmf-dist/tex/latex/base/article.cls
Document Class: article 2022/07/02 v1.4n Standard LaTeX document class
(/usr/share/texlive/texmf-dist/tex/latex/base/size12.clo
File: size12.clo 2022/07/02 v1.4n Standard LaTeX file (size option)
)
\c@part=\count185
\c@section=\count186
\c@subsection=\count187
\c@subsubsection=\count188
\c@paragraph=\count189
\c@subparagraph=\count190
\c@figure=\count191
\c@table=\count192
\abovecaptionskip=\skip48
\belowcaptionskip=\skip49
\bibindent=\dimen140
)
(/usr/share/texlive/texmf-dist/tex/latex/graphics/graphicx.sty
Package: graphicx 2021/09/16 v1.2d Enhanced LaTeX Graphics (DPC,SPQR)

(/usr/share/texlive/texmf-dist/tex/latex/graphics/keyval.sty
Package: keyval 2022/05/29 v1.15 key=value parser (DPC)
\KV@toks@=\toks16
)
(/usr/share/texlive/texmf-dist/tex/latex/graphics/graphics.sty
Package: graphics 2022/03/10 v1.4e Standard LaTeX Graphics (DPC,SPQR)

(/usr/share/texlive/texmf-dist/tex/latex/graphics/trig.sty
Package: trig 2021/08/11 v1.11 sin cos tan (DPC)
)
(/usr/share/texlive/texmf-dist/tex/latex/graphics-cfg/graphics.cfg
File: graphics.cfg 2016/06/04 v1.11 sample graphics configuration
)
Package graphics Info: Driver file: pdftex.def on input line 107.

(/usr/share/texlive/texmf-dist/tex/latex/graphics-def/pdftex.def
File: pdftex.def 2022/09/22 v1.2b Graphics/color driver for pdftex
))
\Gin@req@height=\dimen141
\Gin@req@width=\dimen142
)
(/usr/share/texlive/texmf-dist/tex/latex/amsmath/amsmath.sty
Package: amsmath 2022/04/08 v2.17n AMS math features
\@mathmargin=\skip50

For additional information on amsmath, use the `?' option.
(/usr/share/texlive/texmf-dist/tex/latex/amsmath/amstext.sty
Package: amstext 2021/08/26 v2.01 AMS text

(/usr/share/texlive/texmf-dist/tex/latex/amsmath/amsgen.sty
File: amsgen.sty 1999/11/30 v2.0 generic functions
\@emptytoks=\toks17
\ex@=\dimen143
))
(/usr/share/texlive/texmf-dist/tex/latex/amsmath/amsbsy.sty
Package: amsbsy 1999/11/29 v1.2d Bold Symbols
\pmbraise@=\dimen144
)
(/usr/share/texlive/texmf-dist/tex/latex/amsmath/amsopn.sty
Package: amsopn 2022/04/08 v2.04 operator names
)
\inf@bad=\count193
LaTeX Info: Redefining \frac on input line 234.
\uproot@=\count194
\leftroot@=\count195
LaTeX Info: Redefining \overline on input line 399.
LaTeX Info: Redefining \colon on input line 410.
\classnum@=\count196
\DOTSCASE@=\count197
LaTeX Info: Redefining \ldots on input line 496.
LaTeX Info: Redefining \dots on input line 499.
LaTeX Info: Redefining \cdots on input line 620.
\Mathstrutbox@=\box51
\strutbox@=\box52
LaTeX Info: Redefining \big on input line 722.
LaTeX Info: Redefining \Big on input line 723.
LaTeX Info: Redefining \bigg on input line 724.
LaTeX Info: Redefining \Bigg on input line 725.
\big@size=\dimen145
LaTeX Font Info:    Redeclaring font encoding OML on input line 743.
LaTeX Font Info:    Redeclaring font encoding OMS on input line 744.
\macc@depth=\count198
LaTeX Info: Redefining \bmod on input line 905.
LaTeX Info: Redefining \pmod on input line 910.
LaTeX Info: Redefining \smash on input line 940.
LaTeX Info: Redefining \relbar on input line 970.
LaTeX Info: Redefining \Relbar on input line 971.
\c@MaxMatrixCols=\count199
\dotsspace@=\muskip16
\c@parentequation=\count266
\dspbrk@lvl=\count267
\tag@help=\toks18
\row@=\count268
\column@=\count269
\maxfields@=\count270
\andhelp@=\toks19
\eqnshift@=\dimen146
\alignsep@=\dimen147
\tagshift@=\dimen148
\tagwidth@=\dimen149
\totwidth@=\dimen150
\lineht@=\dimen151
\@envbody=\toks20
\multlinegap=\skip51
\multlinetaggap=\skip52
\mathdisplay@stack=\toks21
LaTeX Info: Redefining \[ on input line 2953.
LaTeX Info: Redefining \] on input line 2954.
)
(/usr/share/texlive/texmf-dist/tex/latex/amsfonts/amssymb.sty
Package: amssymb 2013/01/14 v3.01 AMS font symbols

(/usr/share/texlive/texmf-dist/tex/latex/amsfonts/amsfonts.sty
Package: amsfonts 2013/01/14 v3.01 Basic AMSFonts support
\symAMSa=\mathgroup4
\symAMSb=\mathgroup5
LaTeX Font Info:    Redeclaring math symbol \hbar on input line 98.
LaTeX Font Info:    Overwriting math alphabet `\mathfrak' in version `bold'
(Font)                  U/euf/m/n --> U/euf/b/n on input line 106.
))
(/usr/share/texlive/texmf-dist/tex/latex/enumitem/enumitem.sty
Package: enumitem 2019/06/20 v3.9 Customized lists
\labelindent=\skip53
\enit@outerparindent=\dimen152
\enit@toks=\toks22
\enit@inbox=\box53
\enit@count@id=\count271
\enitdp@description=\count272
)
(/usr/share/texlive/texmf-dist/tex/latex/tfrupee/tfrupee.sty
Package: tfrupee 2010/12/15 LaTeX Support for the TechFat Rupee symbols by Tech
Fat (http://techfat.blogspot.com/2010/07/new-open-source-india-rupee-font.html)
. Adapted for use with TeX by Palle Jorgensen, hamselv(a)pallej.dk
)
(/usr/share/texlive/texmf-dist/tex/latex/caption/caption.sty
Package: caption 2022/03/01 v3.6b Customizing captions (AR)

(/usr/share/texlive/texmf-dist/tex/latex/caption/caption3.sty
Package: caption3 2022/03/17 v2.3b caption3 kernel (AR)
\caption@tempdima=\dimen153
\captionmargin=\dimen154
\caption@leftmargin=\dimen155
\caption@rightmargin=\dimen156
\caption@width=\dimen157
\caption@indent=\dimen158
\caption@parindent=\dimen159
\caption@hangindent=\dimen160
Package caption Info: Standard document class detected.
)
\c@caption@flags=\count273
\c@continuedfloat=\count274
)
(/usr/share/texlive/texmf-dist/tex/latex/float/float.sty
Package: float 2001/11/08 v1.3d Float enhancements (AL)
\c@float@type=\count275
\float@exts=\toks23
\float@box=\box54
\@float@everytoks=\toks24
\@floatcapt=\box55
)
(/usr/share/texlive/texmf-dist/tex/latex/l3backend/l3backend-pdftex.def
File: l3backend-pdftex.def 2023-01-16 L3 backend support: PDF output (pdfTeX)
\l__color_backend_stack_int=\count276
\l__pdf_internal_box=\box56
)
(./geometrynew.aux)
\openout1 = `geometrynew.aux'.

LaTeX Font Info:    Checking defaults for OML/cmm/m/it on input line 11.
LaTeX Font Info:    ... okay on input line 11.
LaTeX Font Info:    Checking defaults for OMS/cmsy/m/n on input line 11.
LaTeX Font Info:    ... okay on input line 11.
LaTeX Font Info:    Checking defaults for OT1/cmr/m/n on input line 11.
LaTeX Font Info:    ... okay on input line 11.
LaTeX Font Info:    Checking defaults for T1/cmr/m/n on input line 11.
LaTeX Font Info:    ... okay on input line 11.
LaTeX Font Info:    Checking defaults for TS1/cmr/m/n on input line 11.
LaTeX Font Info:    ... okay on input line 11.
LaTeX Font Info:    Checking defaults for OMX/cmex/m/n on input line 11.
LaTeX Font Info:    ... okay on input line 11.
LaTeX Font Info:    Checking defaults for U/cmr/m/n on input line 11.
LaTeX Font Info:    ... okay on input line 11.

(/usr/share/texlive/texmf-dist/tex/context/base/mkii/supp-pdf.mkii
[Loading MPS to PDF converter (version 2006.09.02).]
\scratchcounter=\count277
\scratchdimen=\dimen161
\scratchbox=\box57
\nofMPsegments=\count278
\nofMParguments=\count279
\everyMPshowfont=\toks25
\MPscratchCnt=\count280
\MPscratchDim=\dimen162
\MPnumerator=\count281
\makeMPintoPDFobject=\count282
\everyMPtoPDFconversion=\toks26
) (/usr/share/texlive/texmf-dist/tex/latex/epstopdf-pkg/epstopdf-base.sty
Package: epstopdf-base 2020-01-24 v2.11 Base part for package epstopdf
Package epstopdf-base Info: Redefining graphics rule for `.eps' on input line 4
85.

(/usr/share/texlive/texmf-dist/tex/latex/latexconfig/epstopdf-sys.cfg
File: epstopdf-sys.cfg 2010/07/13 v1.3 Configuration of (r)epstopdf for TeX Liv
e
))
Package caption Info: Begin \AtBeginDocument code.
Package caption Info: float package is loaded.
Package caption Info: End \AtBeginDocument code.
LaTeX Font Info:    Trying to load font information for U+msa on input line 12.


(/usr/share/texlive/texmf-dist/tex/latex/amsfonts/umsa.fd
File: umsa.fd 2013/01/14 v3.01 AMS symbols A
)
LaTeX Font Info:    Trying to load font information for U+msb on input line 12.


(/usr/share/texlive/texmf-dist/tex/latex/amsfonts/umsb.fd
File: umsb.fd 2013/01/14 v3.01 AMS symbols B
)

LaTeX Warning: No \author given.

</storage/emulated/0/Pictures/SAVE_20231007_243006.jpg, id=1, 594.22pt x 138.51
75pt>
File: /storage/emulated/0/Pictures/SAVE_20231007_243006.jpg Graphic file (type 
jpg)
<use /storage/emulated/0/Pictures/SAVE_20231007_243006.jpg>
Package pdftex.def Info: /storage/emulated/0/Pictures/SAVE_20231007_243006.jpg 
 used on input line 35.
(pdftex.def)             Requested size: 390.0pt x 90.91667pt.
[1

{/var/lib/texmf/fonts/map/pdftex/updmap/pdftex.map}]
</storage/emulated/0/Pictures/SAVE_20231007_242937.jpg, id=12, 439.6425pt x 245
.91875pt>
File: /storage/emulated/0/Pictures/SAVE_20231007_242937.jpg Graphic file (type 
jpg)
<use /storage/emulated/0/Pictures/SAVE_20231007_242937.jpg>
Package pdftex.def Info: /storage/emulated/0/Pictures/SAVE_20231007_242937.jpg 
 used on input line 78.
(pdftex.def)             Requested size: 390.0pt x 218.15778pt.
 [2 </storage/emulated/0/Pictures/SAVE_20231007_243006.jpg>]
</storage/emulated/0/Pictures/SAVE_20231007_243129.jpg, id=16, 441.65pt x 253.9
4875pt>
File: /storage/emulated/0/Pictures/SAVE_20231007_243129.jpg Graphic file (type 
jpg)
<use /storage/emulated/0/Pictures/SAVE_20231007_243129.jpg>
Package pdftex.def Info: /storage/emulated/0/Pictures/SAVE_20231007_243129.jpg 
 used on input line 92.
(pdftex.def)             Requested size: 390.0pt x 224.25832pt.
 [3 </storage/emulated/0/Pictures/SAVE_20231007_242937.jpg>]
</storage/emulated/0/Pictures/SAVE_20231007_242943.jpg, id=20, 513.92pt x 138.5
175pt>
File: /storage/emulated/0/Pictures/SAVE_20231007_242943.jpg Graphic file (type 
jpg)
<use /storage/emulated/0/Pictures/SAVE_20231007_242943.jpg>
Package pdftex.def Info: /storage/emulated/0/Pictures/SAVE_20231007_242943.jpg 
 used on input line 113.
(pdftex.def)             Requested size: 390.0pt x 105.11797pt.
 [4 </storage/emulated/0/Pictures/SAVE_20231007_243129.jpg>]
</storage/emulated/0/Pictures/SAVE_20231007_242949.jpg, id=25, 729.72626pt x 38
5.44pt>
File: /storage/emulated/0/Pictures/SAVE_20231007_242949.jpg Graphic file (type 
jpg)
<use /storage/emulated/0/Pictures/SAVE_20231007_242949.jpg>
Package pdftex.def Info: /storage/emulated/0/Pictures/SAVE_20231007_242949.jpg 
 used on input line 120.
(pdftex.def)             Requested size: 390.0pt x 205.99368pt.

[5 </storage/emulated/0/Pictures/SAVE_20231007_242943.jpg> </storage/emulated/0
/Pictures/SAVE_20231007_242949.jpg>]
</storage/emulated/0/Pictures/SAVE_20231007_242954.jpg, id=29, 835.12pt x 412.5
4124pt>
File: /storage/emulated/0/Pictures/SAVE_20231007_242954.jpg Graphic file (type 
jpg)
<use /storage/emulated/0/Pictures/SAVE_20231007_242954.jpg>
Package pdftex.def Info: /storage/emulated/0/Pictures/SAVE_20231007_242954.jpg 
 used on input line 135.
(pdftex.def)             Requested size: 390.0pt x 192.66061pt.

Underfull \hbox (badness 10000) in paragraph at lines 131--138

 []


Underfull \hbox (badness 10000) in paragraph at lines 153--154

 []

[6 </storage/emulated/0/Pictures/SAVE_20231007_242954.jpg>]
</storage/emulated/0/Pictures/SAVE_20231007_243001.jpg, id=34, 598.235pt x 411.
5375pt>
File: /storage/emulated/0/Pictures/SAVE_20231007_243001.jpg Graphic file (type 
jpg)
<use /storage/emulated/0/Pictures/SAVE_20231007_243001.jpg>
Package pdftex.def Info: /storage/emulated/0/Pictures/SAVE_20231007_243001.jpg 
 used on input line 158.
(pdftex.def)             Requested size: 390.0pt x 268.2937pt.
 [7 </storage/emulated/0/Pictures/SAVE_20231007_243001.jpg>] [8] (./geometrynew
.aux) ) 
Here is how much of TeX's memory you used:
 4368 strings out of 476091
 73605 string characters out of 5794081
 1857330 words of memory out of 5000000
 24727 multiletter control sequences out of 15000+600000
 520565 words of font info for 64 fonts, out of 8000000 for 9000
 1141 hyphenation exceptions out of 8191
 57i,9n,63p,407b,584s stack positions out of 10000i,1000n,20000p,200000b,200000s
</usr/share/texlive/texmf-dist/fonts/type1/public/amsfonts/cm/cmbx12.pfb
></usr/share/texlive/texmf-dist/fonts/type1/public/amsfonts/cm/cmmi12.pfb></usr
/share/texlive/texmf-dist/fonts/type1/public/amsfonts/cm/cmr12.pfb></usr/share/
texlive/texmf-dist/fonts/type1/public/amsfonts/cm/cmr17.pfb></usr/share/texlive
/texmf-dist/fonts/type1/public/amsfonts/cm/cmr8.pfb></usr/share/texlive/texmf-d
ist/fonts/type1/public/amsfonts/cm/cmsy10.pfb></usr/share/texlive/texmf-dist/fo
nts/type1/public/tfrupee/tfrupee.pfb>
Output written on geometrynew.pdf (8 pages, 611089 bytes).
PDF statistics:
 73 PDF objects out of 1000 (max. 8388607)
 41 compressed objects within 1 object stream
 0 named destinations out of 1000 (max. 500000)
 36 words of extra memory for PDF output out of 10000 (max. 10000000)

